Using pre-set license

 COMMAND LINE ARGUMENTS:
/Applications/Unity/Hub/Editor/2019.2.12f1/2020.3.0f1/Unity.app/Contents/MacOS/Unity
-adb2
-batchMode
-noUpm
-name
AssetImportWorker1
-projectPath
/Users/bertugg/UnityWorkspace/sociaware-workspace
-logFile
Logs/AssetImportWorker1.log
-srvPort
51949
Successfully changed project path to: /Users/bertugg/UnityWorkspace/sociaware-workspace
/Users/bertugg/UnityWorkspace/sociaware-workspace
Using Asset Import Pipeline V2.
Refreshing native plugins compatible for Editor in 166.94 ms, found 2 plugins.
Preloading 0 native plugins for Editor in 0.00 ms.
Initialize engine version: 2020.3.0f1 (c7b5465681fb)
[Subsystems] Discovering subsystems at path /Applications/Unity/Hub/Editor/2019.2.12f1/2020.3.0f1/Unity.app/Contents/Resources/UnitySubsystems
[Subsystems] Discovering subsystems at path /Users/bertugg/UnityWorkspace/sociaware-workspace/Assets
GfxDevice: creating device client; threaded=0
2022-06-04 18:25:58.811 Unity[7690:200186] Color LCD preferred device: Intel(R) Iris(TM) Plus Graphics 640 (low power)
2022-06-04 18:25:58.811 Unity[7690:200186] Metal devices available: 1
2022-06-04 18:25:58.811 Unity[7690:200186] 0: Intel(R) Iris(TM) Plus Graphics 640 (low power)
2022-06-04 18:25:58.813 Unity[7690:200186] Using device Intel(R) Iris(TM) Plus Graphics 640 (low power)
Initializing Metal device caps: Intel(R) Iris(TM) Plus Graphics 640
Initialize mono
Mono path[0] = '/Applications/Unity/Hub/Editor/2019.2.12f1/2020.3.0f1/Unity.app/Contents/Managed'
Mono path[1] = '/Applications/Unity/Hub/Editor/2019.2.12f1/2020.3.0f1/Unity.app/Contents/MonoBleedingEdge/lib/mono/unityjit'
Mono config path = '/Applications/Unity/Hub/Editor/2019.2.12f1/2020.3.0f1/Unity.app/Contents/MonoBleedingEdge/etc'
Using monoOptions --debugger-agent=transport=dt_socket,embedding=1,server=y,suspend=n,address=127.0.0.1:56690
Begin MonoManager ReloadAssembly
Registering precompiled unity dll's ...
Register platform support module: /Applications/Unity/Hub/Editor/2019.2.12f1/2020.3.0f1/PlaybackEngines/WebGLSupport/UnityEditor.WebGL.Extensions.dll
Register platform support module: /Applications/Unity/Hub/Editor/2019.2.12f1/2020.3.0f1/Unity.app/Contents/PlaybackEngines/MacStandaloneSupport/UnityEditor.OSXStandalone.Extensions.dll
Registered in 0.030546 seconds.
Native extension for OSXStandalone target not found
Native extension for WebGL target not found
Refreshing native plugins compatible for Editor in 121.47 ms, found 2 plugins.
Preloading 0 native plugins for Editor in 0.00 ms.
Invoked RoslynAnalysisRunner static constructor.
RoslynAnalysisRunner will not be running.
RoslynAnalysisRunner has terminated.
Mono: successfully reloaded assembly
- Completed reload, in 22.135 seconds
Platform modules already initialized, skipping
Registering precompiled user dll's ...
Registered in 0.004653 seconds.
Begin MonoManager ReloadAssembly
