Using pre-set license

 COMMAND LINE ARGUMENTS:
/Applications/Unity/Hub/Editor/2019.2.12f1/2020.3.0f1/Unity.app/Contents/MacOS/Unity
-adb2
-batchMode
-noUpm
-name
AssetImportWorker0
-projectPath
/Users/bertugg/UnityWorkspace/sociaware-workspace
-logFile
Logs/AssetImportWorker0.log
-srvPort
49680
Successfully changed project path to: /Users/bertugg/UnityWorkspace/sociaware-workspace
/Users/bertugg/UnityWorkspace/sociaware-workspace
Using Asset Import Pipeline V2.
Refreshing native plugins compatible for Editor in 192.37 ms, found 2 plugins.
Preloading 0 native plugins for Editor in 0.00 ms.
Initialize engine version: 2020.3.0f1 (c7b5465681fb)
[Subsystems] Discovering subsystems at path /Applications/Unity/Hub/Editor/2019.2.12f1/2020.3.0f1/Unity.app/Contents/Resources/UnitySubsystems
[Subsystems] Discovering subsystems at path /Users/bertugg/UnityWorkspace/sociaware-workspace/Assets
GfxDevice: creating device client; threaded=0
2022-07-16 17:18:16.926 Unity[1277:47939] Color LCD preferred device: Intel(R) Iris(TM) Plus Graphics 640 (low power)
2022-07-16 17:18:16.926 Unity[1277:47939] Metal devices available: 1
2022-07-16 17:18:16.926 Unity[1277:47939] 0: Intel(R) Iris(TM) Plus Graphics 640 (low power)
2022-07-16 17:18:16.927 Unity[1277:47939] Using device Intel(R) Iris(TM) Plus Graphics 640 (low power)
Initializing Metal device caps: Intel(R) Iris(TM) Plus Graphics 640
Initialize mono
Mono path[0] = '/Applications/Unity/Hub/Editor/2019.2.12f1/2020.3.0f1/Unity.app/Contents/Managed'
Mono path[1] = '/Applications/Unity/Hub/Editor/2019.2.12f1/2020.3.0f1/Unity.app/Contents/MonoBleedingEdge/lib/mono/unityjit'
Mono config path = '/Applications/Unity/Hub/Editor/2019.2.12f1/2020.3.0f1/Unity.app/Contents/MonoBleedingEdge/etc'
Using monoOptions --debugger-agent=transport=dt_socket,embedding=1,server=y,suspend=n,address=127.0.0.1:56277
Begin MonoManager ReloadAssembly
Registering precompiled unity dll's ...
Register platform support module: /Applications/Unity/Hub/Editor/2019.2.12f1/2020.3.0f1/PlaybackEngines/WebGLSupport/UnityEditor.WebGL.Extensions.dll
Register platform support module: /Applications/Unity/Hub/Editor/2019.2.12f1/2020.3.0f1/Unity.app/Contents/PlaybackEngines/MacStandaloneSupport/UnityEditor.OSXStandalone.Extensions.dll
Registered in 0.002350 seconds.
Native extension for OSXStandalone target not found
Native extension for WebGL target not found
Refreshing native plugins compatible for Editor in 68.51 ms, found 2 plugins.
Preloading 0 native plugins for Editor in 0.00 ms.
Invoked RoslynAnalysisRunner static constructor.
RoslynAnalysisRunner will not be running.
RoslynAnalysisRunner has terminated.
Mono: successfully reloaded assembly
- Completed reload, in  7.867 seconds
Platform modules already initialized, skipping
Registering precompiled user dll's ...
Registered in 0.002211 seconds.
Begin MonoManager ReloadAssembly
Native extension for OSXStandalone target not found
Native extension for WebGL target not found
Refreshing native plugins compatible for Editor in 85.28 ms, found 2 plugins.
Preloading 0 native plugins for Editor in 0.00 ms.
Invoked RoslynAnalysisRunner static constructor.
RoslynAnalysisRunner will not be running.
RoslynAnalysisRunner has terminated.
Mono: successfully reloaded assembly
- Completed reload, in  3.237 seconds
Platform modules already initialized, skipping
========================================================================
Worker process is ready to serve import requests
Launching external process: /Applications/Unity/Hub/Editor/2019.2.12f1/2020.3.0f1/Unity.app/Contents/Tools/UnityShaderCompiler
Launched and connected shader compiler UnityShaderCompiler after 0.02 seconds
Refreshing native plugins compatible for Editor in 1.39 ms, found 2 plugins.
Preloading 0 native plugins for Editor in 0.00 ms.
Unloading 1829 Unused Serialized files (Serialized files now loaded: 0)
System memory in use before: 150.1 MB.
System memory in use after: 150.1 MB.

Unloading 24 unused Assets to reduce memory usage. Loaded Objects now: 2274.
Total: 5.207219 ms (FindLiveObjects: 0.669587 ms CreateObjectMapping: 0.332895 ms MarkObjects: 3.481966 ms  DeleteObjects: 0.720919 ms)

========================================================================
Received Import Request.
  path: Assets/BulletController.cs
  artifactKey: Guid(d3b3de8f02fea450cadb6ca6de86fc65) Importer(815301076,1909f56bfc062723c751e8b465ee728b)
Start importing Assets/BulletController.cs using Guid(d3b3de8f02fea450cadb6ca6de86fc65) Importer(815301076,1909f56bfc062723c751e8b465ee728b)  -> (artifact id: '715a6d1244e0e472177e23661df64454') in 1.325170 seconds
  Import took 1.334200 seconds .

========================================================================
Received Import Request.
  Time since last request: 0.000813 seconds.
  path: Assets/ShootController.cs
  artifactKey: Guid(99e7a15f3f0a740c7bf3102a6cb0ec47) Importer(815301076,1909f56bfc062723c751e8b465ee728b)
Start importing Assets/ShootController.cs using Guid(99e7a15f3f0a740c7bf3102a6cb0ec47) Importer(815301076,1909f56bfc062723c751e8b465ee728b)  -> (artifact id: 'bec2cb56a6ddf7083d7b52e1dbf1e6f5') in 0.002859 seconds
  Import took 0.008491 seconds .

